16:44:07.133 [main] INFO  c.a.n.c.c.i.LocalConfigInfoProcessor:195- LOCAL_SNAPSHOT_PATH:C:\Users\zhanghaisheng\nacos\config
16:44:07.133 [main] INFO  c.a.n.c.c.i.LocalConfigInfoProcessor:195- LOCAL_SNAPSHOT_PATH:C:\Users\zhanghaisheng\nacos\config
16:44:07.184 [main] INFO  c.a.nacos.client.config.impl.Limiter:53- limitTime:5.0
16:44:07.184 [main] INFO  c.a.nacos.client.config.impl.Limiter:53- limitTime:5.0
16:44:07.370 [main] INFO  c.a.n.client.config.utils.JVMUtil:47- isMultiInstance:false
16:44:07.370 [main] INFO  c.a.n.client.config.utils.JVMUtil:47- isMultiInstance:false
16:44:07.382 [main] WARN  c.a.c.n.c.NacosPropertySourceBuilder:87- Ignore the empty nacos configuration and get it based on dataId[provider-service] & group[DEFAULT_GROUP]
16:44:07.382 [main] WARN  c.a.c.n.c.NacosPropertySourceBuilder:87- Ignore the empty nacos configuration and get it based on dataId[provider-service] & group[DEFAULT_GROUP]
16:44:07.385 [main] WARN  c.a.c.n.c.NacosPropertySourceBuilder:87- Ignore the empty nacos configuration and get it based on dataId[provider-service.yaml] & group[DEFAULT_GROUP]
16:44:07.385 [main] WARN  c.a.c.n.c.NacosPropertySourceBuilder:87- Ignore the empty nacos configuration and get it based on dataId[provider-service.yaml] & group[DEFAULT_GROUP]
16:44:07.393 [main] INFO  o.s.c.b.c.PropertySourceBootstrapConfiguration:109- Located property source: [BootstrapPropertySource {name='bootstrapProperties-provider-service-local.yaml,DEFAULT_GROUP'}, BootstrapPropertySource {name='bootstrapProperties-provider-service.yaml,DEFAULT_GROUP'}, BootstrapPropertySource {name='bootstrapProperties-provider-service,DEFAULT_GROUP'}, BootstrapPropertySource {name='bootstrapProperties-server.yaml,DEFAULT_GROUP'}]
16:44:07.398 [main] INFO  com.hamlt.demo.ProviderApplication:655- The following profiles are active: local
16:44:07.398 [main] INFO  com.hamlt.demo.ProviderApplication:655- The following profiles are active: local
16:44:09.010 [main] WARN  o.m.s.mapper.ClassPathMapperScanner:44- Skipping MapperFactoryBean with name 'ordersMapperEx' and 'com.hamlt.demo.product.mapper.ex.OrdersMapperEx' mapperInterface. Bean already defined with the same name!
16:44:09.036 [main] WARN  o.m.s.mapper.ClassPathMapperScanner:44- Skipping MapperFactoryBean with name 'authMapperEx' and 'com.hamlt.demo.user.mapper.ex.AuthMapperEx' mapperInterface. Bean already defined with the same name!
16:44:09.136 [main] INFO  o.s.cloud.context.scope.GenericScope:295- BeanFactory id=90484ade-1d4d-3358-9f9e-a3ba4d60715c
16:44:09.863 [main] INFO  o.s.b.w.e.tomcat.TomcatWebServer:92- Tomcat initialized with port(s): 8081 (http)
16:44:09.877 [main] INFO  o.a.coyote.http11.Http11NioProtocol:173- Initializing ProtocolHandler ["http-nio-8081"]
16:44:09.877 [main] INFO  o.a.catalina.core.StandardService:173- Starting service [Tomcat]
16:44:09.878 [main] INFO  o.a.catalina.core.StandardEngine:173- Starting Servlet engine: [Apache Tomcat/9.0.31]
16:44:10.044 [main] INFO  o.a.c.c.C.[Tomcat].[localhost].[/]:173- Initializing Spring embedded WebApplicationContext
16:44:10.045 [main] INFO  o.s.web.context.ContextLoader:284- Root WebApplicationContext: initialization completed in 2574 ms
16:44:11.158 [main] INFO  s.d.s.w.PropertySourcedRequestMappingHandlerMapping:69- Mapped URL path [/v2/api-docs] onto method [springfox.documentation.swagger2.web.Swagger2Controller#getDocumentation(String, HttpServletRequest)]
16:44:11.225 [main] WARN  c.n.c.sources.URLConfigurationSource:121- No URLs will be polled as dynamic configuration sources.
16:44:11.225 [main] WARN  c.n.c.sources.URLConfigurationSource:121- No URLs will be polled as dynamic configuration sources.
16:44:11.225 [main] INFO  c.n.c.sources.URLConfigurationSource:122- To enable URLs as dynamic configuration sources, define System property archaius.configurationSource.additionalUrls or make config.properties available on classpath.
16:44:11.225 [main] INFO  c.n.c.sources.URLConfigurationSource:122- To enable URLs as dynamic configuration sources, define System property archaius.configurationSource.additionalUrls or make config.properties available on classpath.
16:44:11.243 [main] WARN  c.n.c.sources.URLConfigurationSource:121- No URLs will be polled as dynamic configuration sources.
16:44:11.243 [main] WARN  c.n.c.sources.URLConfigurationSource:121- No URLs will be polled as dynamic configuration sources.
16:44:11.243 [main] INFO  c.n.c.sources.URLConfigurationSource:122- To enable URLs as dynamic configuration sources, define System property archaius.configurationSource.additionalUrls or make config.properties available on classpath.
16:44:11.243 [main] INFO  c.n.c.sources.URLConfigurationSource:122- To enable URLs as dynamic configuration sources, define System property archaius.configurationSource.additionalUrls or make config.properties available on classpath.
16:44:11.414 [main] INFO  o.s.s.c.ThreadPoolTaskExecutor:181- Initializing ExecutorService 'applicationTaskExecutor'
16:44:11.681 [main] INFO  o.s.s.c.ThreadPoolTaskScheduler:181- Initializing ExecutorService 'Nacso-Watch-Task-Scheduler'
16:44:11.694 [main] INFO  com.alibaba.nacos.client.naming:56- initializer namespace from System Property :null
16:44:11.694 [main] INFO  com.alibaba.nacos.client.naming:56- initializer namespace from System Property :null
16:44:11.695 [main] INFO  com.alibaba.nacos.client.naming:65- initializer namespace from System Environment :null
16:44:11.695 [main] INFO  com.alibaba.nacos.client.naming:65- initializer namespace from System Environment :null
16:44:11.696 [main] INFO  com.alibaba.nacos.client.naming:75- initializer namespace from System Property :null
16:44:11.696 [main] INFO  com.alibaba.nacos.client.naming:75- initializer namespace from System Property :null
16:44:12.024 [main] INFO  s.d.s.w.p.DocumentationPluginsBootstrapper:160- Context refreshed
16:44:12.055 [main] INFO  s.d.s.w.p.DocumentationPluginsBootstrapper:163- Found 1 custom documentation plugin(s)
16:44:12.108 [main] INFO  s.d.s.w.s.ApiListingReferenceScanner:41- Scanning for api listing references
16:44:12.353 [main] INFO  o.a.coyote.http11.Http11NioProtocol:173- Starting ProtocolHandler ["http-nio-8081"]
16:44:12.395 [main] INFO  o.s.b.w.e.tomcat.TomcatWebServer:204- Tomcat started on port(s): 8081 (http) with context path ''
16:44:12.399 [main] INFO  com.alibaba.nacos.client.naming:58- [BEAT] adding beat: {"cluster":"DEFAULT","ip":"10.150.129.28","metadata":{"preserved.register.source":"SPRING_CLOUD"},"period":5000,"port":8081,"scheduled":false,"serviceName":"DEFAULT_GROUP@@provider-service","stopped":false,"weight":1.0} to beat map.
16:44:12.399 [main] INFO  com.alibaba.nacos.client.naming:58- [BEAT] adding beat: {"cluster":"DEFAULT","ip":"10.150.129.28","metadata":{"preserved.register.source":"SPRING_CLOUD"},"period":5000,"port":8081,"scheduled":false,"serviceName":"DEFAULT_GROUP@@provider-service","stopped":false,"weight":1.0} to beat map.
16:44:12.519 [main] INFO  com.alibaba.nacos.client.naming:175- [REGISTER-SERVICE] cc08db4d-26de-4db8-946a-fefbe4851fec registering service DEFAULT_GROUP@@provider-service with instance: {"clusterName":"DEFAULT","enabled":true,"ephemeral":true,"healthy":true,"instanceHeartBeatInterval":5000,"instanceHeartBeatTimeOut":15000,"ip":"10.150.129.28","ipDeleteTimeout":30000,"metadata":{"preserved.register.source":"SPRING_CLOUD"},"port":8081,"weight":1.0}
16:44:12.519 [main] INFO  com.alibaba.nacos.client.naming:175- [REGISTER-SERVICE] cc08db4d-26de-4db8-946a-fefbe4851fec registering service DEFAULT_GROUP@@provider-service with instance: {"clusterName":"DEFAULT","enabled":true,"ephemeral":true,"healthy":true,"instanceHeartBeatInterval":5000,"instanceHeartBeatTimeOut":15000,"ip":"10.150.129.28","ipDeleteTimeout":30000,"metadata":{"preserved.register.source":"SPRING_CLOUD"},"port":8081,"weight":1.0}
16:44:12.636 [main] INFO  c.a.c.n.r.NacosServiceRegistry:65- nacos registry, DEFAULT_GROUP provider-service 10.150.129.28:8081 register finished
16:44:12.636 [main] INFO  c.a.c.n.r.NacosServiceRegistry:65- nacos registry, DEFAULT_GROUP provider-service 10.150.129.28:8081 register finished
16:44:12.688 [main] INFO  com.hamlt.demo.ProviderApplication:61- Started ProviderApplication in 7.564 seconds (JVM running for 8.819)
16:44:12.688 [main] INFO  com.hamlt.demo.ProviderApplication:61- Started ProviderApplication in 7.564 seconds (JVM running for 8.819)
16:44:12.692 [main] INFO  c.a.n.c.config.impl.ClientWorker:202- [fixed-localhost_8849-cc08db4d-26de-4db8-946a-fefbe4851fec] [subscribe] provider-service+DEFAULT_GROUP+cc08db4d-26de-4db8-946a-fefbe4851fec
16:44:12.692 [main] INFO  c.a.n.c.config.impl.ClientWorker:202- [fixed-localhost_8849-cc08db4d-26de-4db8-946a-fefbe4851fec] [subscribe] provider-service+DEFAULT_GROUP+cc08db4d-26de-4db8-946a-fefbe4851fec
16:44:12.694 [main] INFO  c.a.n.client.config.impl.CacheData:79- [fixed-localhost_8849-cc08db4d-26de-4db8-946a-fefbe4851fec] [add-listener] ok, tenant=cc08db4d-26de-4db8-946a-fefbe4851fec, dataId=provider-service, group=DEFAULT_GROUP, cnt=1
16:44:12.694 [main] INFO  c.a.n.client.config.impl.CacheData:79- [fixed-localhost_8849-cc08db4d-26de-4db8-946a-fefbe4851fec] [add-listener] ok, tenant=cc08db4d-26de-4db8-946a-fefbe4851fec, dataId=provider-service, group=DEFAULT_GROUP, cnt=1
16:44:12.694 [main] INFO  c.a.n.c.config.impl.ClientWorker:202- [fixed-localhost_8849-cc08db4d-26de-4db8-946a-fefbe4851fec] [subscribe] provider-service.yaml+DEFAULT_GROUP+cc08db4d-26de-4db8-946a-fefbe4851fec
16:44:12.694 [main] INFO  c.a.n.c.config.impl.ClientWorker:202- [fixed-localhost_8849-cc08db4d-26de-4db8-946a-fefbe4851fec] [subscribe] provider-service.yaml+DEFAULT_GROUP+cc08db4d-26de-4db8-946a-fefbe4851fec
16:44:12.694 [main] INFO  c.a.n.client.config.impl.CacheData:79- [fixed-localhost_8849-cc08db4d-26de-4db8-946a-fefbe4851fec] [add-listener] ok, tenant=cc08db4d-26de-4db8-946a-fefbe4851fec, dataId=provider-service.yaml, group=DEFAULT_GROUP, cnt=1
16:44:12.694 [main] INFO  c.a.n.client.config.impl.CacheData:79- [fixed-localhost_8849-cc08db4d-26de-4db8-946a-fefbe4851fec] [add-listener] ok, tenant=cc08db4d-26de-4db8-946a-fefbe4851fec, dataId=provider-service.yaml, group=DEFAULT_GROUP, cnt=1
16:44:12.695 [main] INFO  c.a.n.c.config.impl.ClientWorker:202- [fixed-localhost_8849-cc08db4d-26de-4db8-946a-fefbe4851fec] [subscribe] server.yaml+DEFAULT_GROUP+cc08db4d-26de-4db8-946a-fefbe4851fec
16:44:12.695 [main] INFO  c.a.n.c.config.impl.ClientWorker:202- [fixed-localhost_8849-cc08db4d-26de-4db8-946a-fefbe4851fec] [subscribe] server.yaml+DEFAULT_GROUP+cc08db4d-26de-4db8-946a-fefbe4851fec
16:44:12.695 [main] INFO  c.a.n.client.config.impl.CacheData:79- [fixed-localhost_8849-cc08db4d-26de-4db8-946a-fefbe4851fec] [add-listener] ok, tenant=cc08db4d-26de-4db8-946a-fefbe4851fec, dataId=server.yaml, group=DEFAULT_GROUP, cnt=1
16:44:12.695 [main] INFO  c.a.n.client.config.impl.CacheData:79- [fixed-localhost_8849-cc08db4d-26de-4db8-946a-fefbe4851fec] [add-listener] ok, tenant=cc08db4d-26de-4db8-946a-fefbe4851fec, dataId=server.yaml, group=DEFAULT_GROUP, cnt=1
16:44:12.695 [main] INFO  c.a.n.c.config.impl.ClientWorker:202- [fixed-localhost_8849-cc08db4d-26de-4db8-946a-fefbe4851fec] [subscribe] provider-service-local.yaml+DEFAULT_GROUP+cc08db4d-26de-4db8-946a-fefbe4851fec
16:44:12.695 [main] INFO  c.a.n.c.config.impl.ClientWorker:202- [fixed-localhost_8849-cc08db4d-26de-4db8-946a-fefbe4851fec] [subscribe] provider-service-local.yaml+DEFAULT_GROUP+cc08db4d-26de-4db8-946a-fefbe4851fec
16:44:12.696 [main] INFO  c.a.n.client.config.impl.CacheData:79- [fixed-localhost_8849-cc08db4d-26de-4db8-946a-fefbe4851fec] [add-listener] ok, tenant=cc08db4d-26de-4db8-946a-fefbe4851fec, dataId=provider-service-local.yaml, group=DEFAULT_GROUP, cnt=1
16:44:12.696 [main] INFO  c.a.n.client.config.impl.CacheData:79- [fixed-localhost_8849-cc08db4d-26de-4db8-946a-fefbe4851fec] [add-listener] ok, tenant=cc08db4d-26de-4db8-946a-fefbe4851fec, dataId=provider-service-local.yaml, group=DEFAULT_GROUP, cnt=1
16:44:15.444 [SpringContextShutdownHook] INFO  c.a.c.n.r.NacosServiceRegistry:80- De-registering from Nacos Server now...
16:44:15.444 [SpringContextShutdownHook] INFO  c.a.c.n.r.NacosServiceRegistry:80- De-registering from Nacos Server now...
16:44:15.444 [SpringContextShutdownHook] INFO  com.alibaba.nacos.client.naming:71- [BEAT] removing beat: DEFAULT_GROUP@@provider-service:10.150.129.28:8081 from beat map.
16:44:15.444 [SpringContextShutdownHook] INFO  com.alibaba.nacos.client.naming:71- [BEAT] removing beat: DEFAULT_GROUP@@provider-service:10.150.129.28:8081 from beat map.
16:44:15.444 [SpringContextShutdownHook] INFO  com.alibaba.nacos.client.naming:197- [DEREGISTER-SERVICE] cc08db4d-26de-4db8-946a-fefbe4851fec deregistering service DEFAULT_GROUP@@provider-service with instance: {"clusterName":"DEFAULT","enabled":true,"ephemeral":true,"healthy":true,"instanceHeartBeatInterval":5000,"instanceHeartBeatTimeOut":15000,"instanceIdGenerator":"simple","ip":"10.150.129.28","ipDeleteTimeout":30000,"metadata":{},"port":8081,"weight":1.0}
16:44:15.444 [SpringContextShutdownHook] INFO  com.alibaba.nacos.client.naming:197- [DEREGISTER-SERVICE] cc08db4d-26de-4db8-946a-fefbe4851fec deregistering service DEFAULT_GROUP@@provider-service with instance: {"clusterName":"DEFAULT","enabled":true,"ephemeral":true,"healthy":true,"instanceHeartBeatInterval":5000,"instanceHeartBeatTimeOut":15000,"instanceIdGenerator":"simple","ip":"10.150.129.28","ipDeleteTimeout":30000,"metadata":{},"port":8081,"weight":1.0}
16:44:15.449 [SpringContextShutdownHook] INFO  c.a.c.n.r.NacosServiceRegistry:100- De-registration finished.
16:44:15.449 [SpringContextShutdownHook] INFO  c.a.c.n.r.NacosServiceRegistry:100- De-registration finished.
16:44:15.450 [SpringContextShutdownHook] INFO  o.s.s.c.ThreadPoolTaskExecutor:218- Shutting down ExecutorService 'applicationTaskExecutor'
16:44:15.452 [SpringContextShutdownHook] INFO  c.alibaba.druid.pool.DruidDataSource:2003- {dataSource-0} closing ...
16:44:15.452 [SpringContextShutdownHook] INFO  c.alibaba.druid.pool.DruidDataSource:2003- {dataSource-0} closing ...
16:44:15.453 [SpringContextShutdownHook] INFO  c.alibaba.druid.pool.DruidDataSource:2003- {dataSource-0} closing ...
16:44:15.453 [SpringContextShutdownHook] INFO  c.alibaba.druid.pool.DruidDataSource:2003- {dataSource-0} closing ...
16:45:02.492 [main] INFO  c.a.n.c.c.i.LocalConfigInfoProcessor:195- LOCAL_SNAPSHOT_PATH:C:\Users\zhanghaisheng\nacos\config
16:45:02.492 [main] INFO  c.a.n.c.c.i.LocalConfigInfoProcessor:195- LOCAL_SNAPSHOT_PATH:C:\Users\zhanghaisheng\nacos\config
16:45:02.527 [main] INFO  c.a.nacos.client.config.impl.Limiter:53- limitTime:5.0
16:45:02.527 [main] INFO  c.a.nacos.client.config.impl.Limiter:53- limitTime:5.0
16:45:02.559 [main] INFO  c.a.n.client.config.utils.JVMUtil:47- isMultiInstance:false
16:45:02.559 [main] INFO  c.a.n.client.config.utils.JVMUtil:47- isMultiInstance:false
16:45:02.567 [main] WARN  c.a.c.n.c.NacosPropertySourceBuilder:87- Ignore the empty nacos configuration and get it based on dataId[provider-service] & group[DEFAULT_GROUP]
16:45:02.567 [main] WARN  c.a.c.n.c.NacosPropertySourceBuilder:87- Ignore the empty nacos configuration and get it based on dataId[provider-service] & group[DEFAULT_GROUP]
16:45:02.571 [main] WARN  c.a.c.n.c.NacosPropertySourceBuilder:87- Ignore the empty nacos configuration and get it based on dataId[provider-service.yaml] & group[DEFAULT_GROUP]
16:45:02.571 [main] WARN  c.a.c.n.c.NacosPropertySourceBuilder:87- Ignore the empty nacos configuration and get it based on dataId[provider-service.yaml] & group[DEFAULT_GROUP]
16:45:02.580 [main] INFO  o.s.c.b.c.PropertySourceBootstrapConfiguration:109- Located property source: [BootstrapPropertySource {name='bootstrapProperties-provider-service-local.yaml,DEFAULT_GROUP'}, BootstrapPropertySource {name='bootstrapProperties-provider-service.yaml,DEFAULT_GROUP'}, BootstrapPropertySource {name='bootstrapProperties-provider-service,DEFAULT_GROUP'}, BootstrapPropertySource {name='bootstrapProperties-server.yaml,DEFAULT_GROUP'}]
16:45:02.584 [main] INFO  com.hamlt.demo.ProviderApplication:655- The following profiles are active: local
16:45:02.584 [main] INFO  com.hamlt.demo.ProviderApplication:655- The following profiles are active: local
16:45:03.530 [main] WARN  o.m.s.mapper.ClassPathMapperScanner:44- Skipping MapperFactoryBean with name 'ordersMapperEx' and 'com.hamlt.demo.product.mapper.ex.OrdersMapperEx' mapperInterface. Bean already defined with the same name!
16:45:03.540 [main] WARN  o.m.s.mapper.ClassPathMapperScanner:44- Skipping MapperFactoryBean with name 'authMapperEx' and 'com.hamlt.demo.user.mapper.ex.AuthMapperEx' mapperInterface. Bean already defined with the same name!
16:45:03.617 [main] INFO  o.s.cloud.context.scope.GenericScope:295- BeanFactory id=911c6c41-a3f5-362c-9ea6-daaf4a5e2f87
16:45:04.048 [main] INFO  o.s.b.w.e.tomcat.TomcatWebServer:92- Tomcat initialized with port(s): 8081 (http)
16:45:04.070 [main] INFO  o.a.coyote.http11.Http11NioProtocol:173- Initializing ProtocolHandler ["http-nio-8081"]
16:45:04.070 [main] INFO  o.a.catalina.core.StandardService:173- Starting service [Tomcat]
16:45:04.071 [main] INFO  o.a.catalina.core.StandardEngine:173- Starting Servlet engine: [Apache Tomcat/9.0.31]
16:45:04.196 [main] INFO  o.a.c.c.C.[Tomcat].[localhost].[/]:173- Initializing Spring embedded WebApplicationContext
16:45:04.197 [main] INFO  o.s.web.context.ContextLoader:284- Root WebApplicationContext: initialization completed in 1591 ms
16:45:04.945 [main] INFO  s.d.s.w.PropertySourcedRequestMappingHandlerMapping:69- Mapped URL path [/v2/api-docs] onto method [springfox.documentation.swagger2.web.Swagger2Controller#getDocumentation(String, HttpServletRequest)]
16:45:05.013 [main] WARN  c.n.c.sources.URLConfigurationSource:121- No URLs will be polled as dynamic configuration sources.
16:45:05.013 [main] WARN  c.n.c.sources.URLConfigurationSource:121- No URLs will be polled as dynamic configuration sources.
16:45:05.014 [main] INFO  c.n.c.sources.URLConfigurationSource:122- To enable URLs as dynamic configuration sources, define System property archaius.configurationSource.additionalUrls or make config.properties available on classpath.
16:45:05.014 [main] INFO  c.n.c.sources.URLConfigurationSource:122- To enable URLs as dynamic configuration sources, define System property archaius.configurationSource.additionalUrls or make config.properties available on classpath.
16:45:05.020 [main] WARN  c.n.c.sources.URLConfigurationSource:121- No URLs will be polled as dynamic configuration sources.
16:45:05.020 [main] WARN  c.n.c.sources.URLConfigurationSource:121- No URLs will be polled as dynamic configuration sources.
16:45:05.021 [main] INFO  c.n.c.sources.URLConfigurationSource:122- To enable URLs as dynamic configuration sources, define System property archaius.configurationSource.additionalUrls or make config.properties available on classpath.
16:45:05.021 [main] INFO  c.n.c.sources.URLConfigurationSource:122- To enable URLs as dynamic configuration sources, define System property archaius.configurationSource.additionalUrls or make config.properties available on classpath.
16:45:05.135 [main] INFO  o.s.s.c.ThreadPoolTaskExecutor:181- Initializing ExecutorService 'applicationTaskExecutor'
16:45:05.292 [main] INFO  o.s.s.c.ThreadPoolTaskScheduler:181- Initializing ExecutorService 'Nacso-Watch-Task-Scheduler'
16:45:05.297 [main] INFO  com.alibaba.nacos.client.naming:56- initializer namespace from System Property :null
16:45:05.297 [main] INFO  com.alibaba.nacos.client.naming:56- initializer namespace from System Property :null
16:45:05.298 [main] INFO  com.alibaba.nacos.client.naming:65- initializer namespace from System Environment :null
16:45:05.298 [main] INFO  com.alibaba.nacos.client.naming:65- initializer namespace from System Environment :null
16:45:05.299 [main] INFO  com.alibaba.nacos.client.naming:75- initializer namespace from System Property :null
16:45:05.299 [main] INFO  com.alibaba.nacos.client.naming:75- initializer namespace from System Property :null
16:45:05.509 [main] INFO  s.d.s.w.p.DocumentationPluginsBootstrapper:160- Context refreshed
16:45:05.538 [main] INFO  s.d.s.w.p.DocumentationPluginsBootstrapper:163- Found 1 custom documentation plugin(s)
16:45:05.597 [main] INFO  s.d.s.w.s.ApiListingReferenceScanner:41- Scanning for api listing references
16:45:05.756 [main] INFO  o.a.coyote.http11.Http11NioProtocol:173- Starting ProtocolHandler ["http-nio-8081"]
16:45:05.790 [main] INFO  o.s.b.w.e.tomcat.TomcatWebServer:204- Tomcat started on port(s): 8081 (http) with context path ''
16:45:05.794 [main] INFO  com.alibaba.nacos.client.naming:58- [BEAT] adding beat: {"cluster":"DEFAULT","ip":"10.150.129.28","metadata":{"preserved.register.source":"SPRING_CLOUD"},"period":5000,"port":8081,"scheduled":false,"serviceName":"DEFAULT_GROUP@@provider-service","stopped":false,"weight":1.0} to beat map.
16:45:05.794 [main] INFO  com.alibaba.nacos.client.naming:58- [BEAT] adding beat: {"cluster":"DEFAULT","ip":"10.150.129.28","metadata":{"preserved.register.source":"SPRING_CLOUD"},"period":5000,"port":8081,"scheduled":false,"serviceName":"DEFAULT_GROUP@@provider-service","stopped":false,"weight":1.0} to beat map.
16:45:05.887 [main] INFO  com.alibaba.nacos.client.naming:175- [REGISTER-SERVICE] cc08db4d-26de-4db8-946a-fefbe4851fec registering service DEFAULT_GROUP@@provider-service with instance: {"clusterName":"DEFAULT","enabled":true,"ephemeral":true,"healthy":true,"instanceHeartBeatInterval":5000,"instanceHeartBeatTimeOut":15000,"ip":"10.150.129.28","ipDeleteTimeout":30000,"metadata":{"preserved.register.source":"SPRING_CLOUD"},"port":8081,"weight":1.0}
16:45:05.887 [main] INFO  com.alibaba.nacos.client.naming:175- [REGISTER-SERVICE] cc08db4d-26de-4db8-946a-fefbe4851fec registering service DEFAULT_GROUP@@provider-service with instance: {"clusterName":"DEFAULT","enabled":true,"ephemeral":true,"healthy":true,"instanceHeartBeatInterval":5000,"instanceHeartBeatTimeOut":15000,"ip":"10.150.129.28","ipDeleteTimeout":30000,"metadata":{"preserved.register.source":"SPRING_CLOUD"},"port":8081,"weight":1.0}
16:45:05.899 [main] INFO  c.a.c.n.r.NacosServiceRegistry:65- nacos registry, DEFAULT_GROUP provider-service 10.150.129.28:8081 register finished
16:45:05.899 [main] INFO  c.a.c.n.r.NacosServiceRegistry:65- nacos registry, DEFAULT_GROUP provider-service 10.150.129.28:8081 register finished
16:45:05.926 [main] INFO  com.hamlt.demo.ProviderApplication:61- Started ProviderApplication in 4.853 seconds (JVM running for 5.583)
16:45:05.926 [main] INFO  com.hamlt.demo.ProviderApplication:61- Started ProviderApplication in 4.853 seconds (JVM running for 5.583)
16:45:05.930 [main] INFO  c.a.n.c.config.impl.ClientWorker:202- [fixed-localhost_8849-cc08db4d-26de-4db8-946a-fefbe4851fec] [subscribe] provider-service+DEFAULT_GROUP+cc08db4d-26de-4db8-946a-fefbe4851fec
16:45:05.930 [main] INFO  c.a.n.c.config.impl.ClientWorker:202- [fixed-localhost_8849-cc08db4d-26de-4db8-946a-fefbe4851fec] [subscribe] provider-service+DEFAULT_GROUP+cc08db4d-26de-4db8-946a-fefbe4851fec
16:45:05.931 [main] INFO  c.a.n.client.config.impl.CacheData:79- [fixed-localhost_8849-cc08db4d-26de-4db8-946a-fefbe4851fec] [add-listener] ok, tenant=cc08db4d-26de-4db8-946a-fefbe4851fec, dataId=provider-service, group=DEFAULT_GROUP, cnt=1
16:45:05.931 [main] INFO  c.a.n.client.config.impl.CacheData:79- [fixed-localhost_8849-cc08db4d-26de-4db8-946a-fefbe4851fec] [add-listener] ok, tenant=cc08db4d-26de-4db8-946a-fefbe4851fec, dataId=provider-service, group=DEFAULT_GROUP, cnt=1
16:45:05.931 [main] INFO  c.a.n.c.config.impl.ClientWorker:202- [fixed-localhost_8849-cc08db4d-26de-4db8-946a-fefbe4851fec] [subscribe] provider-service.yaml+DEFAULT_GROUP+cc08db4d-26de-4db8-946a-fefbe4851fec
16:45:05.931 [main] INFO  c.a.n.c.config.impl.ClientWorker:202- [fixed-localhost_8849-cc08db4d-26de-4db8-946a-fefbe4851fec] [subscribe] provider-service.yaml+DEFAULT_GROUP+cc08db4d-26de-4db8-946a-fefbe4851fec
16:45:05.932 [main] INFO  c.a.n.client.config.impl.CacheData:79- [fixed-localhost_8849-cc08db4d-26de-4db8-946a-fefbe4851fec] [add-listener] ok, tenant=cc08db4d-26de-4db8-946a-fefbe4851fec, dataId=provider-service.yaml, group=DEFAULT_GROUP, cnt=1
16:45:05.932 [main] INFO  c.a.n.client.config.impl.CacheData:79- [fixed-localhost_8849-cc08db4d-26de-4db8-946a-fefbe4851fec] [add-listener] ok, tenant=cc08db4d-26de-4db8-946a-fefbe4851fec, dataId=provider-service.yaml, group=DEFAULT_GROUP, cnt=1
16:45:05.932 [main] INFO  c.a.n.c.config.impl.ClientWorker:202- [fixed-localhost_8849-cc08db4d-26de-4db8-946a-fefbe4851fec] [subscribe] server.yaml+DEFAULT_GROUP+cc08db4d-26de-4db8-946a-fefbe4851fec
16:45:05.932 [main] INFO  c.a.n.c.config.impl.ClientWorker:202- [fixed-localhost_8849-cc08db4d-26de-4db8-946a-fefbe4851fec] [subscribe] server.yaml+DEFAULT_GROUP+cc08db4d-26de-4db8-946a-fefbe4851fec
16:45:05.932 [main] INFO  c.a.n.client.config.impl.CacheData:79- [fixed-localhost_8849-cc08db4d-26de-4db8-946a-fefbe4851fec] [add-listener] ok, tenant=cc08db4d-26de-4db8-946a-fefbe4851fec, dataId=server.yaml, group=DEFAULT_GROUP, cnt=1
16:45:05.932 [main] INFO  c.a.n.client.config.impl.CacheData:79- [fixed-localhost_8849-cc08db4d-26de-4db8-946a-fefbe4851fec] [add-listener] ok, tenant=cc08db4d-26de-4db8-946a-fefbe4851fec, dataId=server.yaml, group=DEFAULT_GROUP, cnt=1
16:45:05.933 [main] INFO  c.a.n.c.config.impl.ClientWorker:202- [fixed-localhost_8849-cc08db4d-26de-4db8-946a-fefbe4851fec] [subscribe] provider-service-local.yaml+DEFAULT_GROUP+cc08db4d-26de-4db8-946a-fefbe4851fec
16:45:05.933 [main] INFO  c.a.n.c.config.impl.ClientWorker:202- [fixed-localhost_8849-cc08db4d-26de-4db8-946a-fefbe4851fec] [subscribe] provider-service-local.yaml+DEFAULT_GROUP+cc08db4d-26de-4db8-946a-fefbe4851fec
16:45:05.934 [main] INFO  c.a.n.client.config.impl.CacheData:79- [fixed-localhost_8849-cc08db4d-26de-4db8-946a-fefbe4851fec] [add-listener] ok, tenant=cc08db4d-26de-4db8-946a-fefbe4851fec, dataId=provider-service-local.yaml, group=DEFAULT_GROUP, cnt=1
16:45:05.934 [main] INFO  c.a.n.client.config.impl.CacheData:79- [fixed-localhost_8849-cc08db4d-26de-4db8-946a-fefbe4851fec] [add-listener] ok, tenant=cc08db4d-26de-4db8-946a-fefbe4851fec, dataId=provider-service-local.yaml, group=DEFAULT_GROUP, cnt=1
16:53:13.263 [http-nio-8081-exec-1] INFO  o.a.c.c.C.[Tomcat].[localhost].[/]:173- Initializing Spring DispatcherServlet 'dispatcherServlet'
16:53:13.263 [http-nio-8081-exec-1] INFO  o.s.web.servlet.DispatcherServlet:525- Initializing Servlet 'dispatcherServlet'
16:53:13.270 [http-nio-8081-exec-1] INFO  o.s.web.servlet.DispatcherServlet:547- Completed initialization in 6 ms
17:07:01.132 [SpringContextShutdownHook] INFO  c.a.c.n.r.NacosServiceRegistry:80- De-registering from Nacos Server now...
17:07:01.132 [SpringContextShutdownHook] INFO  c.a.c.n.r.NacosServiceRegistry:80- De-registering from Nacos Server now...
17:07:01.133 [SpringContextShutdownHook] INFO  com.alibaba.nacos.client.naming:71- [BEAT] removing beat: DEFAULT_GROUP@@provider-service:10.150.129.28:8081 from beat map.
17:07:01.133 [SpringContextShutdownHook] INFO  com.alibaba.nacos.client.naming:71- [BEAT] removing beat: DEFAULT_GROUP@@provider-service:10.150.129.28:8081 from beat map.
17:07:01.133 [SpringContextShutdownHook] INFO  com.alibaba.nacos.client.naming:197- [DEREGISTER-SERVICE] cc08db4d-26de-4db8-946a-fefbe4851fec deregistering service DEFAULT_GROUP@@provider-service with instance: {"clusterName":"DEFAULT","enabled":true,"ephemeral":true,"healthy":true,"instanceHeartBeatInterval":5000,"instanceHeartBeatTimeOut":15000,"instanceIdGenerator":"simple","ip":"10.150.129.28","ipDeleteTimeout":30000,"metadata":{},"port":8081,"weight":1.0}
17:07:01.133 [SpringContextShutdownHook] INFO  com.alibaba.nacos.client.naming:197- [DEREGISTER-SERVICE] cc08db4d-26de-4db8-946a-fefbe4851fec deregistering service DEFAULT_GROUP@@provider-service with instance: {"clusterName":"DEFAULT","enabled":true,"ephemeral":true,"healthy":true,"instanceHeartBeatInterval":5000,"instanceHeartBeatTimeOut":15000,"instanceIdGenerator":"simple","ip":"10.150.129.28","ipDeleteTimeout":30000,"metadata":{},"port":8081,"weight":1.0}
17:07:01.138 [SpringContextShutdownHook] INFO  c.a.c.n.r.NacosServiceRegistry:100- De-registration finished.
17:07:01.138 [SpringContextShutdownHook] INFO  c.a.c.n.r.NacosServiceRegistry:100- De-registration finished.
17:07:01.139 [SpringContextShutdownHook] INFO  o.s.s.c.ThreadPoolTaskExecutor:218- Shutting down ExecutorService 'applicationTaskExecutor'
17:07:01.143 [SpringContextShutdownHook] INFO  c.alibaba.druid.pool.DruidDataSource:2003- {dataSource-0} closing ...
17:07:01.143 [SpringContextShutdownHook] INFO  c.alibaba.druid.pool.DruidDataSource:2003- {dataSource-0} closing ...
17:07:01.143 [SpringContextShutdownHook] INFO  c.alibaba.druid.pool.DruidDataSource:2003- {dataSource-0} closing ...
17:07:01.143 [SpringContextShutdownHook] INFO  c.alibaba.druid.pool.DruidDataSource:2003- {dataSource-0} closing ...
17:07:24.988 [main] INFO  c.a.n.c.c.i.LocalConfigInfoProcessor:195- LOCAL_SNAPSHOT_PATH:C:\Users\zhanghaisheng\nacos\config
17:07:24.988 [main] INFO  c.a.n.c.c.i.LocalConfigInfoProcessor:195- LOCAL_SNAPSHOT_PATH:C:\Users\zhanghaisheng\nacos\config
17:07:25.021 [main] INFO  c.a.nacos.client.config.impl.Limiter:53- limitTime:5.0
17:07:25.021 [main] INFO  c.a.nacos.client.config.impl.Limiter:53- limitTime:5.0
17:07:25.053 [main] INFO  c.a.n.client.config.utils.JVMUtil:47- isMultiInstance:false
17:07:25.053 [main] INFO  c.a.n.client.config.utils.JVMUtil:47- isMultiInstance:false
17:07:25.061 [main] WARN  c.a.c.n.c.NacosPropertySourceBuilder:87- Ignore the empty nacos configuration and get it based on dataId[provider-service] & group[DEFAULT_GROUP]
17:07:25.061 [main] WARN  c.a.c.n.c.NacosPropertySourceBuilder:87- Ignore the empty nacos configuration and get it based on dataId[provider-service] & group[DEFAULT_GROUP]
17:07:25.065 [main] WARN  c.a.c.n.c.NacosPropertySourceBuilder:87- Ignore the empty nacos configuration and get it based on dataId[provider-service.yaml] & group[DEFAULT_GROUP]
17:07:25.065 [main] WARN  c.a.c.n.c.NacosPropertySourceBuilder:87- Ignore the empty nacos configuration and get it based on dataId[provider-service.yaml] & group[DEFAULT_GROUP]
17:07:25.073 [main] INFO  o.s.c.b.c.PropertySourceBootstrapConfiguration:109- Located property source: [BootstrapPropertySource {name='bootstrapProperties-provider-service-local.yaml,DEFAULT_GROUP'}, BootstrapPropertySource {name='bootstrapProperties-provider-service.yaml,DEFAULT_GROUP'}, BootstrapPropertySource {name='bootstrapProperties-provider-service,DEFAULT_GROUP'}, BootstrapPropertySource {name='bootstrapProperties-server.yaml,DEFAULT_GROUP'}]
17:07:25.079 [main] INFO  com.hamlt.demo.ProviderApplication:655- The following profiles are active: local
17:07:25.079 [main] INFO  com.hamlt.demo.ProviderApplication:655- The following profiles are active: local
17:07:26.020 [main] WARN  o.m.s.mapper.ClassPathMapperScanner:44- Skipping MapperFactoryBean with name 'ordersMapperEx' and 'com.hamlt.demo.product.mapper.ex.OrdersMapperEx' mapperInterface. Bean already defined with the same name!
17:07:26.029 [main] WARN  o.m.s.mapper.ClassPathMapperScanner:44- Skipping MapperFactoryBean with name 'authMapperEx' and 'com.hamlt.demo.user.mapper.ex.AuthMapperEx' mapperInterface. Bean already defined with the same name!
17:07:26.123 [main] INFO  o.s.cloud.context.scope.GenericScope:295- BeanFactory id=911c6c41-a3f5-362c-9ea6-daaf4a5e2f87
17:07:26.530 [main] INFO  o.s.b.w.e.tomcat.TomcatWebServer:92- Tomcat initialized with port(s): 8081 (http)
17:07:26.543 [main] INFO  o.a.coyote.http11.Http11NioProtocol:173- Initializing ProtocolHandler ["http-nio-8081"]
17:07:26.545 [main] INFO  o.a.catalina.core.StandardService:173- Starting service [Tomcat]
17:07:26.546 [main] INFO  o.a.catalina.core.StandardEngine:173- Starting Servlet engine: [Apache Tomcat/9.0.31]
17:07:26.692 [main] INFO  o.a.c.c.C.[Tomcat].[localhost].[/]:173- Initializing Spring embedded WebApplicationContext
17:07:26.692 [main] INFO  o.s.web.context.ContextLoader:284- Root WebApplicationContext: initialization completed in 1592 ms
17:07:27.411 [main] INFO  s.d.s.w.PropertySourcedRequestMappingHandlerMapping:69- Mapped URL path [/v2/api-docs] onto method [springfox.documentation.swagger2.web.Swagger2Controller#getDocumentation(String, HttpServletRequest)]
17:07:27.482 [main] WARN  c.n.c.sources.URLConfigurationSource:121- No URLs will be polled as dynamic configuration sources.
17:07:27.482 [main] WARN  c.n.c.sources.URLConfigurationSource:121- No URLs will be polled as dynamic configuration sources.
17:07:27.484 [main] INFO  c.n.c.sources.URLConfigurationSource:122- To enable URLs as dynamic configuration sources, define System property archaius.configurationSource.additionalUrls or make config.properties available on classpath.
17:07:27.484 [main] INFO  c.n.c.sources.URLConfigurationSource:122- To enable URLs as dynamic configuration sources, define System property archaius.configurationSource.additionalUrls or make config.properties available on classpath.
17:07:27.491 [main] WARN  c.n.c.sources.URLConfigurationSource:121- No URLs will be polled as dynamic configuration sources.
17:07:27.491 [main] WARN  c.n.c.sources.URLConfigurationSource:121- No URLs will be polled as dynamic configuration sources.
17:07:27.491 [main] INFO  c.n.c.sources.URLConfigurationSource:122- To enable URLs as dynamic configuration sources, define System property archaius.configurationSource.additionalUrls or make config.properties available on classpath.
17:07:27.491 [main] INFO  c.n.c.sources.URLConfigurationSource:122- To enable URLs as dynamic configuration sources, define System property archaius.configurationSource.additionalUrls or make config.properties available on classpath.
17:07:27.604 [main] INFO  o.s.s.c.ThreadPoolTaskExecutor:181- Initializing ExecutorService 'applicationTaskExecutor'
17:07:27.775 [main] INFO  o.s.s.c.ThreadPoolTaskScheduler:181- Initializing ExecutorService 'Nacso-Watch-Task-Scheduler'
17:07:27.788 [main] INFO  com.alibaba.nacos.client.naming:56- initializer namespace from System Property :null
17:07:27.788 [main] INFO  com.alibaba.nacos.client.naming:56- initializer namespace from System Property :null
17:07:27.789 [main] INFO  com.alibaba.nacos.client.naming:65- initializer namespace from System Environment :null
17:07:27.789 [main] INFO  com.alibaba.nacos.client.naming:65- initializer namespace from System Environment :null
17:07:27.790 [main] INFO  com.alibaba.nacos.client.naming:75- initializer namespace from System Property :null
17:07:27.790 [main] INFO  com.alibaba.nacos.client.naming:75- initializer namespace from System Property :null
17:07:27.999 [main] INFO  s.d.s.w.p.DocumentationPluginsBootstrapper:160- Context refreshed
17:07:28.021 [main] INFO  s.d.s.w.p.DocumentationPluginsBootstrapper:163- Found 1 custom documentation plugin(s)
17:07:28.063 [main] INFO  s.d.s.w.s.ApiListingReferenceScanner:41- Scanning for api listing references
17:07:28.241 [main] INFO  o.a.coyote.http11.Http11NioProtocol:173- Starting ProtocolHandler ["http-nio-8081"]
17:07:28.269 [main] INFO  o.s.b.w.e.tomcat.TomcatWebServer:204- Tomcat started on port(s): 8081 (http) with context path ''
17:07:28.274 [main] INFO  com.alibaba.nacos.client.naming:58- [BEAT] adding beat: {"cluster":"DEFAULT","ip":"10.150.129.28","metadata":{"preserved.register.source":"SPRING_CLOUD"},"period":5000,"port":8081,"scheduled":false,"serviceName":"DEFAULT_GROUP@@provider-service","stopped":false,"weight":1.0} to beat map.
17:07:28.274 [main] INFO  com.alibaba.nacos.client.naming:58- [BEAT] adding beat: {"cluster":"DEFAULT","ip":"10.150.129.28","metadata":{"preserved.register.source":"SPRING_CLOUD"},"period":5000,"port":8081,"scheduled":false,"serviceName":"DEFAULT_GROUP@@provider-service","stopped":false,"weight":1.0} to beat map.
17:07:28.373 [main] INFO  com.alibaba.nacos.client.naming:175- [REGISTER-SERVICE] cc08db4d-26de-4db8-946a-fefbe4851fec registering service DEFAULT_GROUP@@provider-service with instance: {"clusterName":"DEFAULT","enabled":true,"ephemeral":true,"healthy":true,"instanceHeartBeatInterval":5000,"instanceHeartBeatTimeOut":15000,"ip":"10.150.129.28","ipDeleteTimeout":30000,"metadata":{"preserved.register.source":"SPRING_CLOUD"},"port":8081,"weight":1.0}
17:07:28.373 [main] INFO  com.alibaba.nacos.client.naming:175- [REGISTER-SERVICE] cc08db4d-26de-4db8-946a-fefbe4851fec registering service DEFAULT_GROUP@@provider-service with instance: {"clusterName":"DEFAULT","enabled":true,"ephemeral":true,"healthy":true,"instanceHeartBeatInterval":5000,"instanceHeartBeatTimeOut":15000,"ip":"10.150.129.28","ipDeleteTimeout":30000,"metadata":{"preserved.register.source":"SPRING_CLOUD"},"port":8081,"weight":1.0}
17:07:28.385 [main] INFO  c.a.c.n.r.NacosServiceRegistry:65- nacos registry, DEFAULT_GROUP provider-service 10.150.129.28:8081 register finished
17:07:28.385 [main] INFO  c.a.c.n.r.NacosServiceRegistry:65- nacos registry, DEFAULT_GROUP provider-service 10.150.129.28:8081 register finished
17:07:28.420 [main] INFO  com.hamlt.demo.ProviderApplication:61- Started ProviderApplication in 5.015 seconds (JVM running for 5.825)
17:07:28.420 [main] INFO  com.hamlt.demo.ProviderApplication:61- Started ProviderApplication in 5.015 seconds (JVM running for 5.825)
17:07:28.424 [main] INFO  c.a.n.c.config.impl.ClientWorker:202- [fixed-localhost_8849-cc08db4d-26de-4db8-946a-fefbe4851fec] [subscribe] provider-service+DEFAULT_GROUP+cc08db4d-26de-4db8-946a-fefbe4851fec
17:07:28.424 [main] INFO  c.a.n.c.config.impl.ClientWorker:202- [fixed-localhost_8849-cc08db4d-26de-4db8-946a-fefbe4851fec] [subscribe] provider-service+DEFAULT_GROUP+cc08db4d-26de-4db8-946a-fefbe4851fec
17:07:28.426 [main] INFO  c.a.n.client.config.impl.CacheData:79- [fixed-localhost_8849-cc08db4d-26de-4db8-946a-fefbe4851fec] [add-listener] ok, tenant=cc08db4d-26de-4db8-946a-fefbe4851fec, dataId=provider-service, group=DEFAULT_GROUP, cnt=1
17:07:28.426 [main] INFO  c.a.n.client.config.impl.CacheData:79- [fixed-localhost_8849-cc08db4d-26de-4db8-946a-fefbe4851fec] [add-listener] ok, tenant=cc08db4d-26de-4db8-946a-fefbe4851fec, dataId=provider-service, group=DEFAULT_GROUP, cnt=1
17:07:28.426 [main] INFO  c.a.n.c.config.impl.ClientWorker:202- [fixed-localhost_8849-cc08db4d-26de-4db8-946a-fefbe4851fec] [subscribe] provider-service.yaml+DEFAULT_GROUP+cc08db4d-26de-4db8-946a-fefbe4851fec
17:07:28.426 [main] INFO  c.a.n.c.config.impl.ClientWorker:202- [fixed-localhost_8849-cc08db4d-26de-4db8-946a-fefbe4851fec] [subscribe] provider-service.yaml+DEFAULT_GROUP+cc08db4d-26de-4db8-946a-fefbe4851fec
17:07:28.426 [main] INFO  c.a.n.client.config.impl.CacheData:79- [fixed-localhost_8849-cc08db4d-26de-4db8-946a-fefbe4851fec] [add-listener] ok, tenant=cc08db4d-26de-4db8-946a-fefbe4851fec, dataId=provider-service.yaml, group=DEFAULT_GROUP, cnt=1
17:07:28.426 [main] INFO  c.a.n.client.config.impl.CacheData:79- [fixed-localhost_8849-cc08db4d-26de-4db8-946a-fefbe4851fec] [add-listener] ok, tenant=cc08db4d-26de-4db8-946a-fefbe4851fec, dataId=provider-service.yaml, group=DEFAULT_GROUP, cnt=1
17:07:28.427 [main] INFO  c.a.n.c.config.impl.ClientWorker:202- [fixed-localhost_8849-cc08db4d-26de-4db8-946a-fefbe4851fec] [subscribe] server.yaml+DEFAULT_GROUP+cc08db4d-26de-4db8-946a-fefbe4851fec
17:07:28.427 [main] INFO  c.a.n.c.config.impl.ClientWorker:202- [fixed-localhost_8849-cc08db4d-26de-4db8-946a-fefbe4851fec] [subscribe] server.yaml+DEFAULT_GROUP+cc08db4d-26de-4db8-946a-fefbe4851fec
17:07:28.427 [main] INFO  c.a.n.client.config.impl.CacheData:79- [fixed-localhost_8849-cc08db4d-26de-4db8-946a-fefbe4851fec] [add-listener] ok, tenant=cc08db4d-26de-4db8-946a-fefbe4851fec, dataId=server.yaml, group=DEFAULT_GROUP, cnt=1
17:07:28.427 [main] INFO  c.a.n.client.config.impl.CacheData:79- [fixed-localhost_8849-cc08db4d-26de-4db8-946a-fefbe4851fec] [add-listener] ok, tenant=cc08db4d-26de-4db8-946a-fefbe4851fec, dataId=server.yaml, group=DEFAULT_GROUP, cnt=1
17:07:28.427 [main] INFO  c.a.n.c.config.impl.ClientWorker:202- [fixed-localhost_8849-cc08db4d-26de-4db8-946a-fefbe4851fec] [subscribe] provider-service-local.yaml+DEFAULT_GROUP+cc08db4d-26de-4db8-946a-fefbe4851fec
17:07:28.427 [main] INFO  c.a.n.c.config.impl.ClientWorker:202- [fixed-localhost_8849-cc08db4d-26de-4db8-946a-fefbe4851fec] [subscribe] provider-service-local.yaml+DEFAULT_GROUP+cc08db4d-26de-4db8-946a-fefbe4851fec
17:07:28.428 [main] INFO  c.a.n.client.config.impl.CacheData:79- [fixed-localhost_8849-cc08db4d-26de-4db8-946a-fefbe4851fec] [add-listener] ok, tenant=cc08db4d-26de-4db8-946a-fefbe4851fec, dataId=provider-service-local.yaml, group=DEFAULT_GROUP, cnt=1
17:07:28.428 [main] INFO  c.a.n.client.config.impl.CacheData:79- [fixed-localhost_8849-cc08db4d-26de-4db8-946a-fefbe4851fec] [add-listener] ok, tenant=cc08db4d-26de-4db8-946a-fefbe4851fec, dataId=provider-service-local.yaml, group=DEFAULT_GROUP, cnt=1
17:08:06.576 [http-nio-8081-exec-2] INFO  o.a.c.c.C.[Tomcat].[localhost].[/]:173- Initializing Spring DispatcherServlet 'dispatcherServlet'
17:08:06.577 [http-nio-8081-exec-2] INFO  o.s.web.servlet.DispatcherServlet:525- Initializing Servlet 'dispatcherServlet'
17:08:06.585 [http-nio-8081-exec-2] INFO  o.s.web.servlet.DispatcherServlet:547- Completed initialization in 8 ms
17:09:52.657 [SpringContextShutdownHook] INFO  c.a.c.n.r.NacosServiceRegistry:80- De-registering from Nacos Server now...
17:09:52.657 [SpringContextShutdownHook] INFO  c.a.c.n.r.NacosServiceRegistry:80- De-registering from Nacos Server now...
17:09:52.657 [SpringContextShutdownHook] INFO  com.alibaba.nacos.client.naming:71- [BEAT] removing beat: DEFAULT_GROUP@@provider-service:10.150.129.28:8081 from beat map.
17:09:52.657 [SpringContextShutdownHook] INFO  com.alibaba.nacos.client.naming:71- [BEAT] removing beat: DEFAULT_GROUP@@provider-service:10.150.129.28:8081 from beat map.
17:09:52.658 [SpringContextShutdownHook] INFO  com.alibaba.nacos.client.naming:197- [DEREGISTER-SERVICE] cc08db4d-26de-4db8-946a-fefbe4851fec deregistering service DEFAULT_GROUP@@provider-service with instance: {"clusterName":"DEFAULT","enabled":true,"ephemeral":true,"healthy":true,"instanceHeartBeatInterval":5000,"instanceHeartBeatTimeOut":15000,"instanceIdGenerator":"simple","ip":"10.150.129.28","ipDeleteTimeout":30000,"metadata":{},"port":8081,"weight":1.0}
17:09:52.658 [SpringContextShutdownHook] INFO  com.alibaba.nacos.client.naming:197- [DEREGISTER-SERVICE] cc08db4d-26de-4db8-946a-fefbe4851fec deregistering service DEFAULT_GROUP@@provider-service with instance: {"clusterName":"DEFAULT","enabled":true,"ephemeral":true,"healthy":true,"instanceHeartBeatInterval":5000,"instanceHeartBeatTimeOut":15000,"instanceIdGenerator":"simple","ip":"10.150.129.28","ipDeleteTimeout":30000,"metadata":{},"port":8081,"weight":1.0}
17:09:52.662 [SpringContextShutdownHook] INFO  c.a.c.n.r.NacosServiceRegistry:100- De-registration finished.
17:09:52.662 [SpringContextShutdownHook] INFO  c.a.c.n.r.NacosServiceRegistry:100- De-registration finished.
17:09:52.663 [SpringContextShutdownHook] INFO  o.s.s.c.ThreadPoolTaskExecutor:218- Shutting down ExecutorService 'applicationTaskExecutor'
17:09:52.666 [SpringContextShutdownHook] INFO  c.alibaba.druid.pool.DruidDataSource:2003- {dataSource-0} closing ...
17:09:52.666 [SpringContextShutdownHook] INFO  c.alibaba.druid.pool.DruidDataSource:2003- {dataSource-0} closing ...
17:09:52.666 [SpringContextShutdownHook] INFO  c.alibaba.druid.pool.DruidDataSource:2003- {dataSource-0} closing ...
17:09:52.666 [SpringContextShutdownHook] INFO  c.alibaba.druid.pool.DruidDataSource:2003- {dataSource-0} closing ...
